{"/Users/serhii_prodan/Documents/Projects/wonderbox/src/webpack/Leaflet/src/app.styled.ts": {"path":"/Users/serhii_prodan/Documents/Projects/wonderbox/src/webpack/Leaflet/src/app.styled.ts","statementMap":{"0":{"start":{"line":1,"column":0},"end":{"line":1,"column":39}},"1":{"start":{"line":3,"column":13},"end":{"line":9,"column":2}},"2":{"start":{"line":11,"column":13},"end":{"line":16,"column":2}}},"fnMap":{},"branchMap":{"0":{"loc":{"start":{"line":3,"column":36},"end":{"line":9,"column":2}},"type":"binary-expr","locations":[{"start":{"line":3,"column":36},"end":{"line":3,"column":null}},{"start":{"line":3,"column":36},"end":{"line":9,"column":2}}]},"1":{"loc":{"start":{"line":11,"column":48},"end":{"line":16,"column":2}},"type":"binary-expr","locations":[{"start":{"line":11,"column":48},"end":{"line":11,"column":null}},{"start":{"line":11,"column":48},"end":{"line":16,"column":2}}]}},"s":{"0":1,"1":1,"2":1},"f":{},"b":{"0":[1,1],"1":[1,1]}}
,"/Users/serhii_prodan/Documents/Projects/wonderbox/src/webpack/Leaflet/src/app.tsx": {"path":"/Users/serhii_prodan/Documents/Projects/wonderbox/src/webpack/Leaflet/src/app.tsx","statementMap":{"0":{"start":{"line":1,"column":0},"end":{"line":1,"column":49}},"1":{"start":{"line":2,"column":0},"end":{"line":2,"column":54}},"2":{"start":{"line":3,"column":0},"end":{"line":3,"column":54}},"3":{"start":{"line":4,"column":0},"end":{"line":4,"column":39}},"4":{"start":{"line":5,"column":0},"end":{"line":5,"column":73}},"5":{"start":{"line":7,"column":0},"end":{"line":7,"column":66}},"6":{"start":{"line":8,"column":0},"end":{"line":8,"column":77}},"7":{"start":{"line":11,"column":36},"end":{"line":11,"column":86}},"8":{"start":{"line":13,"column":38},"end":{"line":31,"column":1}},"9":{"start":{"line":14,"column":2},"end":{"line":30,"column":4}},"10":{"start":{"line":19,"column":41},"end":{"line":19,"column":43}},"11":{"start":{"line":19,"column":55},"end":{"line":21,"column":14}},"12":{"start":{"line":13,"column":13},"end":{"line":13,"column":38}}},"fnMap":{"0":{"name":"(anonymous_1)","decl":{"start":{"line":13,"column":38},"end":{"line":13,"column":null}},"loc":{"start":{"line":13,"column":38},"end":{"line":31,"column":1}}},"1":{"name":"(anonymous_2)","decl":{"start":{"line":19,"column":33},"end":{"line":19,"column":34}},"loc":{"start":{"line":19,"column":50},"end":{"line":19,"column":null}}}},"branchMap":{},"s":{"0":1,"1":1,"2":1,"3":1,"4":1,"5":1,"6":1,"7":1,"8":1,"9":5,"10":10,"11":10,"12":1},"f":{"0":5,"1":10},"b":{}}
,"/Users/serhii_prodan/Documents/Projects/wonderbox/src/webpack/Leaflet/src/components/download-track-button.styled.ts": {"path":"/Users/serhii_prodan/Documents/Projects/wonderbox/src/webpack/Leaflet/src/components/download-track-button.styled.ts","statementMap":{"0":{"start":{"line":1,"column":0},"end":{"line":1,"column":39}},"1":{"start":{"line":2,"column":0},"end":{"line":2,"column":59}},"2":{"start":{"line":4,"column":13},"end":{"line":5,"column":null}}},"fnMap":{},"branchMap":{"0":{"loc":{"start":{"line":4,"column":41},"end":{"line":9,"column":2}},"type":"binary-expr","locations":[{"start":{"line":4,"column":41},"end":{"line":4,"column":null}},{"start":{"line":4,"column":41},"end":{"line":9,"column":2}}]}},"s":{"0":1,"1":1,"2":1},"f":{},"b":{"0":[1,1]}}
,"/Users/serhii_prodan/Documents/Projects/wonderbox/src/webpack/Leaflet/src/components/download-track-button.tsx": {"path":"/Users/serhii_prodan/Documents/Projects/wonderbox/src/webpack/Leaflet/src/components/download-track-button.tsx","statementMap":{"0":{"start":{"line":1,"column":0},"end":{"line":1,"column":49}},"1":{"start":{"line":2,"column":0},"end":{"line":2,"column":62}},"2":{"start":{"line":4,"column":13},"end":{"line":4,"column":49}},"3":{"start":{"line":6,"column":54},"end":{"line":8,"column":1}},"4":{"start":{"line":7,"column":2},"end":{"line":7,"column":52}},"5":{"start":{"line":6,"column":13},"end":{"line":6,"column":54}}},"fnMap":{"0":{"name":"(anonymous_1)","decl":{"start":{"line":6,"column":54},"end":{"line":6,"column":null}},"loc":{"start":{"line":6,"column":54},"end":{"line":8,"column":1}}}},"branchMap":{},"s":{"0":1,"1":1,"2":1,"3":1,"4":5,"5":1},"f":{"0":5},"b":{}}
,"/Users/serhii_prodan/Documents/Projects/wonderbox/src/webpack/Leaflet/src/components/map.styled.tsx": {"path":"/Users/serhii_prodan/Documents/Projects/wonderbox/src/webpack/Leaflet/src/components/map.styled.tsx","statementMap":{"0":{"start":{"line":1,"column":0},"end":{"line":1,"column":39}},"1":{"start":{"line":3,"column":13},"end":{"line":6,"column":2}}},"fnMap":{},"branchMap":{"0":{"loc":{"start":{"line":3,"column":35},"end":{"line":6,"column":2}},"type":"binary-expr","locations":[{"start":{"line":3,"column":35},"end":{"line":3,"column":null}},{"start":{"line":3,"column":35},"end":{"line":6,"column":2}}]}},"s":{"0":1,"1":1},"f":{},"b":{"0":[1,1]}}
,"/Users/serhii_prodan/Documents/Projects/wonderbox/src/webpack/Leaflet/src/components/map.tsx": {"path":"/Users/serhii_prodan/Documents/Projects/wonderbox/src/webpack/Leaflet/src/components/map.tsx","statementMap":{"0":{"start":{"line":1,"column":0},"end":{"line":1,"column":68}},"1":{"start":{"line":2,"column":0},"end":{"line":2,"column":30}},"2":{"start":{"line":4,"column":0},"end":{"line":4,"column":41}},"3":{"start":{"line":6,"column":38},"end":{"line":25,"column":1}},"4":{"start":{"line":7,"column":14},"end":{"line":7,"column":42}},"5":{"start":{"line":9,"column":2},"end":{"line":22,"column":9}},"6":{"start":{"line":10,"column":4},"end":{"line":10,"column":29}},"7":{"start":{"line":10,"column":22},"end":{"line":10,"column":29}},"8":{"start":{"line":12,"column":16},"end":{"line":15,"column":6}},"9":{"start":{"line":17,"column":18},"end":{"line":19,"column":6}},"10":{"start":{"line":21,"column":4},"end":{"line":21,"column":24}},"11":{"start":{"line":24,"column":2},"end":{"line":24,"column":52}},"12":{"start":{"line":6,"column":13},"end":{"line":6,"column":38}}},"fnMap":{"0":{"name":"(anonymous_7)","decl":{"start":{"line":6,"column":38},"end":{"line":6,"column":null}},"loc":{"start":{"line":6,"column":38},"end":{"line":25,"column":1}}},"1":{"name":"(anonymous_8)","decl":{"start":{"line":9,"column":12},"end":{"line":9,"column":null}},"loc":{"start":{"line":9,"column":12},"end":{"line":22,"column":3}}}},"branchMap":{"0":{"loc":{"start":{"line":10,"column":4},"end":{"line":10,"column":29}},"type":"if","locations":[{"start":{"line":10,"column":4},"end":{"line":10,"column":29}}]}},"s":{"0":1,"1":1,"2":1,"3":1,"4":5,"5":5,"6":5,"7":0,"8":5,"9":5,"10":5,"11":5,"12":1},"f":{"0":5,"1":5},"b":{"0":[0]}}
,"/Users/serhii_prodan/Documents/Projects/wonderbox/src/webpack/Leaflet/src/components/track-breakdown.styled.ts": {"path":"/Users/serhii_prodan/Documents/Projects/wonderbox/src/webpack/Leaflet/src/components/track-breakdown.styled.ts","statementMap":{"0":{"start":{"line":1,"column":0},"end":{"line":1,"column":48}},"1":{"start":{"line":3,"column":13},"end":{"line":3,"column":38}},"2":{"start":{"line":5,"column":13},"end":{"line":10,"column":2}},"3":{"start":{"line":12,"column":13},"end":{"line":29,"column":2}},"4":{"start":{"line":31,"column":13},"end":{"line":32,"column":null}},"5":{"start":{"line":35,"column":13},"end":{"line":36,"column":null}}},"fnMap":{},"branchMap":{"0":{"loc":{"start":{"line":3,"column":35},"end":{"line":3,"column":38}},"type":"binary-expr","locations":[{"start":{"line":3,"column":35},"end":{"line":3,"column":37}},{"start":{"line":3,"column":35},"end":{"line":3,"column":38}}]},"1":{"loc":{"start":{"line":5,"column":35},"end":{"line":10,"column":2}},"type":"binary-expr","locations":[{"start":{"line":5,"column":35},"end":{"line":5,"column":null}},{"start":{"line":5,"column":35},"end":{"line":10,"column":2}}]},"2":{"loc":{"start":{"line":12,"column":28},"end":{"line":29,"column":2}},"type":"binary-expr","locations":[{"start":{"line":12,"column":28},"end":{"line":12,"column":null}},{"start":{"line":12,"column":28},"end":{"line":29,"column":2}}]},"3":{"loc":{"start":{"line":31,"column":41},"end":{"line":33,"column":2}},"type":"binary-expr","locations":[{"start":{"line":31,"column":41},"end":{"line":31,"column":null}},{"start":{"line":31,"column":41},"end":{"line":33,"column":2}}]},"4":{"loc":{"start":{"line":35,"column":45},"end":{"line":42,"column":2}},"type":"binary-expr","locations":[{"start":{"line":35,"column":45},"end":{"line":35,"column":null}},{"start":{"line":35,"column":45},"end":{"line":42,"column":2}}]}},"s":{"0":2,"1":2,"2":2,"3":2,"4":2,"5":2},"f":{},"b":{"0":[2,2],"1":[2,2],"2":[2,2],"3":[2,2],"4":[2,2]}}
,"/Users/serhii_prodan/Documents/Projects/wonderbox/src/webpack/Leaflet/src/components/track-breakdown.tsx": {"path":"/Users/serhii_prodan/Documents/Projects/wonderbox/src/webpack/Leaflet/src/components/track-breakdown.tsx","statementMap":{"0":{"start":{"line":1,"column":0},"end":{"line":1,"column":68}},"1":{"start":{"line":2,"column":0},"end":{"line":2,"column":45}},"2":{"start":{"line":3,"column":0},"end":{"line":3,"column":41}},"3":{"start":{"line":4,"column":0},"end":{"line":4,"column":101}},"4":{"start":{"line":6,"column":13},"end":{"line":6,"column":57}},"5":{"start":{"line":7,"column":13},"end":{"line":7,"column":55}},"6":{"start":{"line":8,"column":13},"end":{"line":8,"column":60}},"7":{"start":{"line":12,"column":68},"end":{"line":25,"column":1}},"8":{"start":{"line":12,"column":79},"end":{"line":12,"column":81}},"9":{"start":{"line":13,"column":2},"end":{"line":24,"column":4}},"10":{"start":{"line":12,"column":13},"end":{"line":12,"column":68}},"11":{"start":{"line":29,"column":70},"end":{"line":31,"column":1}},"12":{"start":{"line":29,"column":81},"end":{"line":29,"column":83}},"13":{"start":{"line":30,"column":2},"end":{"line":30,"column":84}},"14":{"start":{"line":29,"column":13},"end":{"line":29,"column":70}}},"fnMap":{"0":{"name":"(anonymous_1)","decl":{"start":{"line":12,"column":68},"end":{"line":12,"column":69}},"loc":{"start":{"line":12,"column":81},"end":{"line":25,"column":1}}},"1":{"name":"(anonymous_2)","decl":{"start":{"line":29,"column":70},"end":{"line":29,"column":71}},"loc":{"start":{"line":29,"column":83},"end":{"line":31,"column":1}}}},"branchMap":{},"s":{"0":2,"1":2,"2":2,"3":2,"4":2,"5":2,"6":2,"7":2,"8":17,"9":17,"10":2,"11":2,"12":7,"13":7,"14":2},"f":{"0":17,"1":7},"b":{}}
,"/Users/serhii_prodan/Documents/Projects/wonderbox/src/webpack/Leaflet/src/icons/bucket.tsx": {"path":"/Users/serhii_prodan/Documents/Projects/wonderbox/src/webpack/Leaflet/src/icons/bucket.tsx","statementMap":{"0":{"start":{"line":1,"column":0},"end":{"line":1,"column":26}},"1":{"start":{"line":8,"column":62},"end":{"line":14,"column":1}},"2":{"start":{"line":8,"column":71},"end":{"line":8,"column":73}},"3":{"start":{"line":9,"column":2},"end":{"line":13,"column":4}},"4":{"start":{"line":8,"column":13},"end":{"line":8,"column":62}}},"fnMap":{"0":{"name":"(anonymous_1)","decl":{"start":{"line":8,"column":62},"end":{"line":8,"column":63}},"loc":{"start":{"line":8,"column":73},"end":{"line":14,"column":1}}}},"branchMap":{},"s":{"0":2,"1":2,"2":17,"3":17,"4":2},"f":{"0":17},"b":{}}
,"/Users/serhii_prodan/Documents/Projects/wonderbox/src/webpack/Leaflet/src/icons/menu.tsx": {"path":"/Users/serhii_prodan/Documents/Projects/wonderbox/src/webpack/Leaflet/src/icons/menu.tsx","statementMap":{"0":{"start":{"line":1,"column":0},"end":{"line":1,"column":26}},"1":{"start":{"line":8,"column":58},"end":{"line":18,"column":1}},"2":{"start":{"line":8,"column":67},"end":{"line":8,"column":69}},"3":{"start":{"line":9,"column":2},"end":{"line":17,"column":4}},"4":{"start":{"line":8,"column":13},"end":{"line":8,"column":58}}},"fnMap":{"0":{"name":"(anonymous_1)","decl":{"start":{"line":8,"column":58},"end":{"line":8,"column":59}},"loc":{"start":{"line":8,"column":69},"end":{"line":18,"column":1}}}},"branchMap":{},"s":{"0":2,"1":2,"2":17,"3":17,"4":2},"f":{"0":17},"b":{}}
,"/Users/serhii_prodan/Documents/Projects/wonderbox/src/webpack/Leaflet/src/shared/layout/button.styled.ts": {"path":"/Users/serhii_prodan/Documents/Projects/wonderbox/src/webpack/Leaflet/src/shared/layout/button.styled.ts","statementMap":{"0":{"start":{"line":1,"column":0},"end":{"line":1,"column":40}},"1":{"start":{"line":3,"column":13},"end":{"line":13,"column":2}}},"fnMap":{},"branchMap":{"0":{"loc":{"start":{"line":3,"column":28},"end":{"line":13,"column":2}},"type":"binary-expr","locations":[{"start":{"line":3,"column":28},"end":{"line":3,"column":null}},{"start":{"line":3,"column":28},"end":{"line":13,"column":2}}]}},"s":{"0":1,"1":1},"f":{},"b":{"0":[1,1]}}
,"/Users/serhii_prodan/Documents/Projects/wonderbox/src/webpack/Leaflet/src/templates/content/content.styled.ts": {"path":"/Users/serhii_prodan/Documents/Projects/wonderbox/src/webpack/Leaflet/src/templates/content/content.styled.ts","statementMap":{"0":{"start":{"line":1,"column":0},"end":{"line":1,"column":39}},"1":{"start":{"line":3,"column":13},"end":{"line":5,"column":2}}},"fnMap":{},"branchMap":{"0":{"loc":{"start":{"line":3,"column":40},"end":{"line":5,"column":2}},"type":"binary-expr","locations":[{"start":{"line":3,"column":40},"end":{"line":3,"column":null}},{"start":{"line":3,"column":40},"end":{"line":5,"column":2}}]}},"s":{"0":1,"1":1},"f":{},"b":{"0":[1,1]}}
,"/Users/serhii_prodan/Documents/Projects/wonderbox/src/webpack/Leaflet/src/templates/content/content.tsx": {"path":"/Users/serhii_prodan/Documents/Projects/wonderbox/src/webpack/Leaflet/src/templates/content/content.tsx","statementMap":{"0":{"start":{"line":1,"column":0},"end":{"line":1,"column":68}},"1":{"start":{"line":2,"column":0},"end":{"line":2,"column":49}},"2":{"start":{"line":6,"column":56},"end":{"line":8,"column":1}},"3":{"start":{"line":6,"column":67},"end":{"line":6,"column":69}},"4":{"start":{"line":7,"column":2},"end":{"line":7,"column":51}},"5":{"start":{"line":6,"column":13},"end":{"line":6,"column":56}}},"fnMap":{"0":{"name":"(anonymous_1)","decl":{"start":{"line":6,"column":56},"end":{"line":6,"column":57}},"loc":{"start":{"line":6,"column":69},"end":{"line":8,"column":1}}}},"branchMap":{},"s":{"0":1,"1":1,"2":1,"3":5,"4":5,"5":1},"f":{"0":5},"b":{}}
,"/Users/serhii_prodan/Documents/Projects/wonderbox/src/webpack/Leaflet/src/templates/sidebar/sidebar.styled.ts": {"path":"/Users/serhii_prodan/Documents/Projects/wonderbox/src/webpack/Leaflet/src/templates/sidebar/sidebar.styled.ts","statementMap":{"0":{"start":{"line":1,"column":0},"end":{"line":1,"column":39}},"1":{"start":{"line":3,"column":13},"end":{"line":9,"column":2}},"2":{"start":{"line":11,"column":13},"end":{"line":14,"column":2}},"3":{"start":{"line":16,"column":13},"end":{"line":18,"column":2}},"4":{"start":{"line":20,"column":13},"end":{"line":22,"column":2}}},"fnMap":{},"branchMap":{"0":{"loc":{"start":{"line":3,"column":41},"end":{"line":9,"column":2}},"type":"binary-expr","locations":[{"start":{"line":3,"column":41},"end":{"line":3,"column":null}},{"start":{"line":3,"column":41},"end":{"line":9,"column":2}}]},"1":{"loc":{"start":{"line":11,"column":41},"end":{"line":14,"column":2}},"type":"binary-expr","locations":[{"start":{"line":11,"column":41},"end":{"line":11,"column":null}},{"start":{"line":11,"column":41},"end":{"line":14,"column":2}}]},"2":{"loc":{"start":{"line":16,"column":39},"end":{"line":18,"column":2}},"type":"binary-expr","locations":[{"start":{"line":16,"column":39},"end":{"line":16,"column":null}},{"start":{"line":16,"column":39},"end":{"line":18,"column":2}}]},"3":{"loc":{"start":{"line":20,"column":43},"end":{"line":22,"column":2}},"type":"binary-expr","locations":[{"start":{"line":20,"column":43},"end":{"line":20,"column":null}},{"start":{"line":20,"column":43},"end":{"line":22,"column":2}}]}},"s":{"0":2,"1":2,"2":2,"3":2,"4":2},"f":{},"b":{"0":[2,2],"1":[2,2],"2":[2,2],"3":[2,2]}}
,"/Users/serhii_prodan/Documents/Projects/wonderbox/src/webpack/Leaflet/src/templates/sidebar/sidebar.tsx": {"path":"/Users/serhii_prodan/Documents/Projects/wonderbox/src/webpack/Leaflet/src/templates/sidebar/sidebar.tsx","statementMap":{"0":{"start":{"line":1,"column":0},"end":{"line":1,"column":68}},"1":{"start":{"line":2,"column":0},"end":{"line":2,"column":94}},"2":{"start":{"line":8,"column":56},"end":{"line":17,"column":1}},"3":{"start":{"line":8,"column":64},"end":{"line":8,"column":66}},"4":{"start":{"line":8,"column":74},"end":{"line":8,"column":76}},"5":{"start":{"line":9,"column":2},"end":{"line":16,"column":4}},"6":{"start":{"line":8,"column":13},"end":{"line":8,"column":56}}},"fnMap":{"0":{"name":"(anonymous_1)","decl":{"start":{"line":8,"column":56},"end":{"line":8,"column":57}},"loc":{"start":{"line":8,"column":76},"end":{"line":17,"column":1}}}},"branchMap":{},"s":{"0":2,"1":2,"2":2,"3":6,"4":6,"5":6,"6":2},"f":{"0":6},"b":{}}
}
