TN:
SF:src/app.styled.ts
FNF:0
FNH:0
DA:1,1
DA:3,1
DA:11,1
LF:3
LH:3
BRDA:3,0,0,1
BRDA:3,0,1,1
BRDA:11,1,0,1
BRDA:11,1,1,1
BRF:4
BRH:4
end_of_record
TN:
SF:src/app.tsx
FN:13,(anonymous_1)
FN:19,(anonymous_2)
FNF:2
FNH:2
FNDA:5,(anonymous_1)
FNDA:10,(anonymous_2)
DA:1,1
DA:2,1
DA:3,1
DA:4,1
DA:5,1
DA:7,1
DA:8,1
DA:11,1
DA:13,1
DA:14,5
DA:19,10
LF:11
LH:11
BRF:0
BRH:0
end_of_record
TN:
SF:src/components/download-track-button.styled.ts
FNF:0
FNH:0
DA:1,1
DA:2,1
DA:4,1
LF:3
LH:3
BRDA:4,0,0,1
BRDA:4,0,1,1
BRF:2
BRH:2
end_of_record
TN:
SF:src/components/download-track-button.tsx
FN:6,(anonymous_1)
FNF:1
FNH:1
FNDA:5,(anonymous_1)
DA:1,1
DA:2,1
DA:4,1
DA:6,1
DA:7,5
LF:5
LH:5
BRF:0
BRH:0
end_of_record
TN:
SF:src/components/map.styled.tsx
FNF:0
FNH:0
DA:1,1
DA:3,1
LF:2
LH:2
BRDA:3,0,0,1
BRDA:3,0,1,1
BRF:2
BRH:2
end_of_record
TN:
SF:src/components/map.tsx
FN:6,(anonymous_7)
FN:9,(anonymous_8)
FNF:2
FNH:2
FNDA:5,(anonymous_7)
FNDA:5,(anonymous_8)
DA:1,1
DA:2,1
DA:4,1
DA:6,1
DA:7,5
DA:9,5
DA:10,5
DA:12,5
DA:17,5
DA:21,5
DA:24,5
LF:11
LH:11
BRDA:10,0,0,0
BRF:1
BRH:0
end_of_record
TN:
SF:src/components/track-breakdown.styled.ts
FNF:0
FNH:0
DA:1,2
DA:3,2
DA:5,2
DA:12,2
DA:31,2
DA:35,2
LF:6
LH:6
BRDA:3,0,0,2
BRDA:3,0,1,2
BRDA:5,1,0,2
BRDA:5,1,1,2
BRDA:12,2,0,2
BRDA:12,2,1,2
BRDA:31,3,0,2
BRDA:31,3,1,2
BRDA:35,4,0,2
BRDA:35,4,1,2
BRF:10
BRH:10
end_of_record
TN:
SF:src/components/track-breakdown.tsx
FN:12,(anonymous_1)
FN:29,(anonymous_2)
FNF:2
FNH:2
FNDA:17,(anonymous_1)
FNDA:7,(anonymous_2)
DA:1,2
DA:2,2
DA:3,2
DA:4,2
DA:6,2
DA:7,2
DA:8,2
DA:12,17
DA:13,17
DA:29,7
DA:30,7
LF:11
LH:11
BRF:0
BRH:0
end_of_record
TN:
SF:src/icons/bucket.tsx
FN:8,(anonymous_1)
FNF:1
FNH:1
FNDA:17,(anonymous_1)
DA:1,2
DA:8,17
DA:9,17
LF:3
LH:3
BRF:0
BRH:0
end_of_record
TN:
SF:src/icons/menu.tsx
FN:8,(anonymous_1)
FNF:1
FNH:1
FNDA:17,(anonymous_1)
DA:1,2
DA:8,17
DA:9,17
LF:3
LH:3
BRF:0
BRH:0
end_of_record
TN:
SF:src/shared/layout/button.styled.ts
FNF:0
FNH:0
DA:1,1
DA:3,1
LF:2
LH:2
BRDA:3,0,0,1
BRDA:3,0,1,1
BRF:2
BRH:2
end_of_record
TN:
SF:src/templates/content/content.styled.ts
FNF:0
FNH:0
DA:1,1
DA:3,1
LF:2
LH:2
BRDA:3,0,0,1
BRDA:3,0,1,1
BRF:2
BRH:2
end_of_record
TN:
SF:src/templates/content/content.tsx
FN:6,(anonymous_1)
FNF:1
FNH:1
FNDA:5,(anonymous_1)
DA:1,1
DA:2,1
DA:6,5
DA:7,5
LF:4
LH:4
BRF:0
BRH:0
end_of_record
TN:
SF:src/templates/sidebar/sidebar.styled.ts
FNF:0
FNH:0
DA:1,2
DA:3,2
DA:11,2
DA:16,2
DA:20,2
LF:5
LH:5
BRDA:3,0,0,2
BRDA:3,0,1,2
BRDA:11,1,0,2
BRDA:11,1,1,2
BRDA:16,2,0,2
BRDA:16,2,1,2
BRDA:20,3,0,2
BRDA:20,3,1,2
BRF:8
BRH:8
end_of_record
TN:
SF:src/templates/sidebar/sidebar.tsx
FN:8,(anonymous_1)
FNF:1
FNH:1
FNDA:6,(anonymous_1)
DA:1,2
DA:2,2
DA:8,6
DA:9,6
LF:4
LH:4
BRF:0
BRH:0
end_of_record
